# JRE version: OpenJDK Runtime Environment Zulu15.40+19-CA (15.0.7+4) (build 15.0.7+4-MTS)
# Java VM: OpenJDK 64-Bit Server VM Zulu15.40+19-CA (15.0.7+4-MTS, mixed mode, sharing, tiered, compressed oops, g1 gc, windows-amd64)
GC Precious Log:
 CPUs: 4 total, 4 available
 Memory: 16383M
 Large Page Support: Disabled
 NUMA Support: Disabled
 Compressed Oops: Enabled (Zero based)
 Heap Region Size: 2M
 Heap Min Capacity: 8M
 Heap Initial Capacity: 256M
 Heap Max Capacity: 4G
 Pre-touch: Disabled
 Parallel Workers: 4
 Concurrent Workers: 1
 Concurrent Refinement Workers: 4
 Periodic GC: Disabled
Heap:
 garbage-first heap   total 262144K, used 24828K [0x0000000700000000, 0x0000000800000000)
  region size 2048K, 10 young (20480K), 2 survivors (4096K)
 Metaspace       used 16272K, capacity 16533K, committed 16768K, reserved 1064960K
  class space    used 1795K, capacity 1891K, committed 1920K, reserved 1048576K
GC Heap History (6 events):
Event: 1.482 GC heap before
{Heap before GC invocations=0 (full 0):
 garbage-first heap   total 262144K, used 10240K [0x0000000700000000, 0x0000000800000000)
  region size 2048K, 6 young (12288K), 0 survivors (0K)
 Metaspace       used 3729K, capacity 5177K, committed 5376K, reserved 1056768K
  class space    used 390K, capacity 506K, committed 512K, reserved 1048576K
}
Event: 1.622 GC heap after
{Heap after GC invocations=1 (full 0):
 garbage-first heap   total 262144K, used 7266K [0x0000000700000000, 0x0000000800000000)
  region size 2048K, 1 young (2048K), 1 survivors (2048K)
 Metaspace       used 3729K, capacity 5177K, committed 5376K, reserved 1056768K
  class space    used 390K, capacity 506K, committed 512K, reserved 1048576K
}
Event: 2.621 GC heap before
{Heap before GC invocations=1 (full 0):
 garbage-first heap   total 262144K, used 17506K [0x0000000700000000, 0x0000000800000000)
  region size 2048K, 6 young (12288K), 1 survivors (2048K)
 Metaspace       used 7146K, capacity 7728K, committed 7936K, reserved 1056768K
  class space    used 708K, capacity 743K, committed 768K, reserved 1048576K
}
Event: 2.639 GC heap after
{Heap after GC invocations=2 (full 0):
 garbage-first heap   total 262144K, used 8571K [0x0000000700000000, 0x0000000800000000)
  region size 2048K, 1 young (2048K), 1 survivors (2048K)
 Metaspace       used 7146K, capacity 7728K, committed 7936K, reserved 1056768K
  class space    used 708K, capacity 743K, committed 768K, reserved 1048576K
}
Event: 3.955 GC heap before
{Heap before GC invocations=2 (full 0):
 garbage-first heap   total 262144K, used 27003K [0x0000000700000000, 0x0000000800000000)
  region size 2048K, 10 young (20480K), 1 survivors (2048K)
 Metaspace       used 12478K, capacity 12782K, committed 13056K, reserved 1060864K
  class space    used 1335K, capacity 1434K, committed 1536K, reserved 1048576K
}
Event: 3.961 GC heap after
{Heap after GC invocations=3 (full 0):
 garbage-first heap   total 262144K, used 10492K [0x0000000700000000, 0x0000000800000000)
  region size 2048K, 2 young (4096K), 2 survivors (4096K)
 Metaspace       used 12478K, capacity 12782K, committed 13056K, reserved 1060864K
  class space    used 1335K, capacity 1434K, committed 1536K, reserved 1048576K
}

