<!DOCTYPE html PUBLIC "-//W3C//DTD XHTML 1.1//EN" "http://www.w3.org/TR/xhtml11/DTD/xhtml11.dtd">
<html xmlns="http://www.w3.org/1999/xhtml"><head><title>Spot On Automation Report</title><style type="text/css">table {margin-bottom:15px;border-collapse:collapse;empty-cells:show}th,td {border:2px solid #007;padding:.25em .5em}th {vertical-align:bottom}td {vertical-align:center}table a {font-weight:bold}.stripe td {background-color: #E6EBF9}.num {text-align:center}.passedodd td .passedeven td .failedodd td,.attn .failedeven td,.stripe .attn .stacktrace {white-space:pre;font-family:monospace}.totop {font-size:85%;text-align:center;border-bottom:2px solid #000}</style></head><body><center><h1>Spot On  Automation Report - 2022-06-22 at 18:02:44 GMT</h1></center><table><tr style="background-color:powderblue;"><th># Environment Variables</th><th># Values</th></tr><tr><th>Jenkins Job URL</td>
<td> null </td></tr><tr><th>Build Number</td>
<td> null </td></tr><tr><th>Detailed Report URL&#x2a;</td>
<td> nullSpot_On_5fAutomation_5fReport/ </td></tr><tr><th>Allure Report URL&#x2a;</td>
<td> nullallure/ </td></tr><tr><th>Environment URL </td>
<td> http://dev.spot-on.com/ </td></tr><tr><th>Browser</td>
<td> CHROME {<i>102.0.5005.61<i>}</td></tr><tr><th>Executed Date</td>
<td> 2022-06-22 at 18:02:44 GMT </td></tr></table><p style="color:blue;font-size:12px;">&#x2a;Please use Jenkins Username and Password to access the Detailed report.</p><table><tr style="background-color:powderblue;"><th> Executed</th><th># Passed</th><th ># Failed</th><th> Duration</th></tr><tr><td class="num">14</td><td class="num">11</td><td class="num">3</td><td class="num">00:05:59</td></tr></table><table><thead><tr style="background-color:powderblue;"><th>Module</th><th>Test Case</th><th>Start</th><th>Seconds</th><th>Result</th></tr></thead><tbody><tr><th colspan="5">Spot On Validation Suite</th></tr></tbody><tbody id="t0"><tr><th colspan="5">Spot On Login Page Ui Validation &#8212; Passed</th></tr><tr class="passedeven"><td rowspan="1">Spot On Login Page Ui Validation </td><td><a href="#m0">verifyHomePage</a></td><td rowspan="1">10:56:55 AM</td><td rowspan="1">7.15</td><td rowspan="1" bgcolor="#00cc00">PASS</td></tr></tbody><tbody id="t1"><tr><th colspan="5">Spot On Proposals Page Ui Validation &#8212; Passed</th></tr><tr class="passedeven"><td rowspan="1">Spot On Proposals Page Ui Validation </td><td><a href="#m1">verifyProposalsPage</a></td><td rowspan="1">10:57:05 AM</td><td rowspan="1">12.3</td><td rowspan="1" bgcolor="#00cc00">PASS</td></tr></tbody><tbody id="t2"><tr><th colspan="5">Spot On Publishers Page Ui Validation &#8212; Passed</th></tr><tr class="passedeven"><td rowspan="1">Spot On Publishers Page Ui Validation </td><td><a href="#m2">verifyPublishersPage</a></td><td rowspan="1">10:57:19 AM</td><td rowspan="1">30.79</td><td rowspan="1" bgcolor="#00cc00">PASS</td></tr></tbody><tbody id="t3"><tr><th colspan="5">Spot On Edit Publisher Page Validation &#8212; Failed</th></tr><tr class="failedeven"><td rowspan="1">Spot On Edit Publisher Page Validation </td><td><a href="#m3">verifyEditPublisher</a></td><td rowspan="1">10:57:51 AM</td><td rowspan="1">21.49</td><td rowspan="1" bgcolor="#ff3333">FAIL</td></tr></tbody><tbody id="t4"><tr><th colspan="5">Spot On Campaign Creation Validation &#8212; Passed</th></tr><tr class="passedeven"><td rowspan="1">Spot On Campaign Creation Validation </td><td><a href="#m4">verifyCampaignCreation</a></td><td rowspan="1">10:58:15 AM</td><td rowspan="1">54.6</td><td rowspan="1" bgcolor="#00cc00">PASS</td></tr></tbody><tbody id="t5"><tr><th colspan="5">Spot On Proposals Page Creation with Account Manager Validation &#8212; Passed</th></tr><tr class="passedeven"><td rowspan="1">Spot On Proposals Page Creation with Account Manager Validation </td><td><a href="#m5">verifyProposalsPage</a></td><td rowspan="1">10:59:11 AM</td><td rowspan="1">12.05</td><td rowspan="1" bgcolor="#00cc00">PASS</td></tr></tbody><tbody id="t6"><tr><th colspan="5">Spot On Campaign Creation with Account Manager &#8212; Passed</th></tr><tr class="passedeven"><td rowspan="1">Spot On Campaign Creation with Account Manager </td><td><a href="#m6">verifyCampaignCreation</a></td><td rowspan="1">10:59:25 AM</td><td rowspan="1">52.48</td><td rowspan="1" bgcolor="#00cc00">PASS</td></tr></tbody><tbody id="t7"><tr><th colspan="5">Spot On Clients Page Validation &#8212; Passed</th></tr><tr class="passedeven"><td rowspan="1">Spot On Clients Page Validation </td><td><a href="#m7">verifyClientsPage</a></td><td rowspan="1">11:00:19 AM</td><td rowspan="1">10.19</td><td rowspan="1" bgcolor="#00cc00">PASS</td></tr></tbody><tbody id="t8"><tr><th colspan="5">Spot On Creatives Page Validation &#8212; Passed</th></tr><tr class="passedeven"><td rowspan="1">Spot On Creatives Page Validation </td><td><a href="#m8">verifyCreativesPage</a></td><td rowspan="1">11:00:30 AM</td><td rowspan="1">38.41</td><td rowspan="1" bgcolor="#00cc00">PASS</td></tr></tbody><tbody id="t9"><tr><th colspan="5">Spot On Creatives Page Creative Manager Validation &#8212; Passed</th></tr><tr class="passedeven"><td rowspan="1">Spot On Creatives Page Creative Manager Validation </td><td><a href="#m9">verifyCreativesPage</a></td><td rowspan="1">11:01:11 AM</td><td rowspan="1">35.4</td><td rowspan="1" bgcolor="#00cc00">PASS</td></tr></tbody><tbody id="t10"><tr><th colspan="5">Spot On Creatives Publisher Page Validation &#8212; Failed</th></tr><tr class="failedeven"><td rowspan="1">Spot On Creatives Publisher Page Validation </td><td><a href="#m10">verifyPreviewAndApproveCreativesPage</a></td><td rowspan="1">11:01:48 AM</td><td rowspan="1">25.12</td><td rowspan="1" bgcolor="#ff3333">FAIL</td></tr></tbody><tbody id="t11"><tr><th colspan="5">Spot On Users Page Validation &#8212; Passed</th></tr><tr class="passedeven"><td rowspan="1">Spot On Users Page Validation </td><td><a href="#m11">verifyUsersPage</a></td><td rowspan="1">11:02:16 AM</td><td rowspan="1">11.27</td><td rowspan="1" bgcolor="#00cc00">PASS</td></tr></tbody><tbody id="t12"><tr><th colspan="5">Spot On Campaign Page Publisher User Validation &#8212; Passed</th></tr><tr class="passedeven"><td rowspan="1">Spot On Campaign Page Publisher User Validation </td><td><a href="#m12">verifyPublisherUser</a></td><td rowspan="1">11:02:30 AM</td><td rowspan="1">11.66</td><td rowspan="1" bgcolor="#00cc00">PASS</td></tr></tbody><tbody id="t13"><tr><th colspan="5">Spot On Publisher User Validation &#8212; Failed</th></tr><tr class="failedeven"><td rowspan="1">Spot On Publisher User Validation </td><td><a href="#m13">verifyPublisherUser</a></td><td rowspan="1">11:02:44 AM</td><td rowspan="1">8.71</td><td rowspan="1" bgcolor="#ff3333">FAIL</td></tr></tbody></table><h2>Spot On Edit Publisher Page Validation</h2><h3 id="m0">test.PublishersPage.EditPublisherValidation#verifyEditPublisher ( verifyEditPublisher )</h3><table class="result"><tr><th>Exception</th></tr><tr><td><div class="stacktrace">Invalid element state: element click intercepted: Element <button _ngcontent-mvf-c102="" class="spot-on-button ion-activatable ripple-parent spot-on-button-primary spot-on-button-capitalize spot-on-button-lg spot-on-button-outline" disabled="" style="cursor: pointer;">...</button> is not clickable at point (379, 636). Other element would receive the click: <div _ngcontent-mvf-c102="" class="spot-on-button-wrapper">...</div>
Timeout: 10 s.
Caused by: ElementClickInterceptedException: element click intercepted: Element <button _ngcontent-mvf-c102="" class="spot-on-button ion-activatable ripple-parent spot-on-button-primary spot-on-button-capitalize spot-on-button-lg spot-on-button-outline" disabled="" style="cursor: pointer;">...</button> is not clickable at point (379, 636). Other element would receive the click: <div _ngcontent-mvf-c102="" class="spot-on-button-wrapper">...</div></div></td></tr></table><p class="totop"><a href="#summary">back to summary</a></p><h2>Spot On Creatives Publisher Page Validation</h2><h3 id="m1">test.CreativesPublisherPage.CreativesPublisherValidation#verifyPreviewAndApproveCreativesPage ( verifyPreviewAndApproveCreativesPage )</h3><table class="result"><tr><th>Exception</th></tr><tr><td><div class="stacktrace">Element not found {By.xpath: //tr[1]//button[text()='Approve']}
Expected: visible or transparent: visible or have css value opacity=0
Timeout: 10 s.
Caused by: NoSuchElementException: no such element: Unable to locate element: {"method":"xpath","selector":"//tr[1]//button[text()='Approve']"}</div></td></tr></table><p class="totop"><a href="#summary">back to summary</a></p><h2>Spot On Publisher User Validation</h2><h3 id="m2">test.PublisherUser.PublisherUserValidation#verifyPublisherUser ( verifyPublisherUser )</h3><table class="result"><tr><th>Exception</th></tr><tr><td><div class="stacktrace">java.lang.AssertionError: expected [Profile] but found []</div></td></tr></table><p class="totop"><a href="#summary">back to summary</a></p></body></html>